{"timestamp":"2025-08-17 21:56:16.477","level":"audit","message":"User action audit","service":"caisse-secours","version":"1.0.0","environment":"production","instance":"local","audit_type":"user_action","user_id":"system","action":"clients_list_requested","resource":"clients","details":{"page":1,"limit":50,"search":""},"labels":{"audit_type":"user_action","action":"clients_list_requested","resource":"clients"}}
{"timestamp":"2025-08-17 21:56:16.484","level":"business","message":"Business metrics snapshot","service":"caisse-secours","version":"1.0.0","environment":"production","instance":"local","module":"metrics","operation":"snapshot","labels":{"type":"business_snapshot"}}
{"timestamp":"2025-08-17 21:56:16.486","level":"info","message":"Performance metric","service":"caisse-secours","version":"1.0.0","environment":"production","instance":"local","module":"clients","operation":"get_all_clients","duration_ms":19,"labels":{"module":"clients","operation":"get_all_clients"}}
operation_duration_ms{module="clients",operation="get_all_clients"} 19 1755464176487
{"timestamp":"2025-08-17 21:56:16.488","level":"audit","message":"Data access audit","service":"caisse-secours","version":"1.0.0","environment":"production","instance":"local","audit_type":"data_access","user_id":"system","resource":"clients","action":"read","record_count":0,"record_ids":[],"labels":{"audit_type":"data_access","resource":"clients","action":"read"}}
{"timestamp":"2025-08-17 22:02:03.979","level":"audit","message":"User action audit","service":"caisse-secours","version":"1.0.0","environment":"production","instance":"local","audit_type":"user_action","user_id":"system","action":"clients_list_requested","resource":"clients","details":{"page":1,"limit":50,"search":""},"labels":{"audit_type":"user_action","action":"clients_list_requested","resource":"clients"}}
{"timestamp":"2025-08-17 22:02:03.982","level":"business","message":"Business metrics snapshot","service":"caisse-secours","version":"1.0.0","environment":"production","instance":"local","module":"metrics","operation":"snapshot","labels":{"type":"business_snapshot"}}
{"timestamp":"2025-08-17 22:02:03.984","level":"info","message":"Performance metric","service":"caisse-secours","version":"1.0.0","environment":"production","instance":"local","module":"clients","operation":"get_all_clients","duration_ms":11,"labels":{"module":"clients","operation":"get_all_clients"}}
operation_duration_ms{module="clients",operation="get_all_clients"} 11 1755464523985
{"timestamp":"2025-08-17 22:02:03.986","level":"audit","message":"Data access audit","service":"caisse-secours","version":"1.0.0","environment":"production","instance":"local","audit_type":"data_access","user_id":"system","resource":"clients","action":"read","record_count":0,"record_ids":[],"labels":{"audit_type":"data_access","resource":"clients","action":"read"}}
{"timestamp":"2025-08-17 23:00:30.906","level":"audit","message":"User action audit","service":"caisse-secours","version":"1.0.0","environment":"production","instance":"local","audit_type":"user_action","user_id":"system","action":"clients_list_requested","resource":"clients","details":{"page":1,"limit":50,"search":""},"labels":{"audit_type":"user_action","action":"clients_list_requested","resource":"clients"}}
{"timestamp":"2025-08-17 23:00:30.914","level":"business","message":"Business metrics snapshot","service":"caisse-secours","version":"1.0.0","environment":"production","instance":"local","module":"metrics","operation":"snapshot","labels":{"type":"business_snapshot"}}
{"timestamp":"2025-08-17 23:00:30.916","level":"info","message":"Performance metric","service":"caisse-secours","version":"1.0.0","environment":"production","instance":"local","module":"clients","operation":"get_all_clients","duration_ms":20,"labels":{"module":"clients","operation":"get_all_clients"}}
operation_duration_ms{module="clients",operation="get_all_clients"} 20 1755468030917
{"timestamp":"2025-08-17 23:00:30.918","level":"audit","message":"Data access audit","service":"caisse-secours","version":"1.0.0","environment":"production","instance":"local","audit_type":"data_access","user_id":"system","resource":"clients","action":"read","record_count":0,"record_ids":[],"labels":{"audit_type":"data_access","resource":"clients","action":"read"}}
{"timestamp":"2025-08-17 23:00:41.406","level":"audit","message":"User action audit","service":"caisse-secours","version":"1.0.0","environment":"production","instance":"local","audit_type":"user_action","user_id":"system","action":"clients_list_requested","resource":"clients","details":{"page":1,"limit":50,"search":""},"labels":{"audit_type":"user_action","action":"clients_list_requested","resource":"clients"}}
{"timestamp":"2025-08-17 23:00:41.410","level":"business","message":"Business metrics snapshot","service":"caisse-secours","version":"1.0.0","environment":"production","instance":"local","module":"metrics","operation":"snapshot","labels":{"type":"business_snapshot"}}
{"timestamp":"2025-08-17 23:00:41.411","level":"info","message":"Performance metric","service":"caisse-secours","version":"1.0.0","environment":"production","instance":"local","module":"clients","operation":"get_all_clients","duration_ms":10,"labels":{"module":"clients","operation":"get_all_clients"}}
operation_duration_ms{module="clients",operation="get_all_clients"} 10 1755468041412
{"timestamp":"2025-08-17 23:00:41.413","level":"audit","message":"Data access audit","service":"caisse-secours","version":"1.0.0","environment":"production","instance":"local","audit_type":"data_access","user_id":"system","resource":"clients","action":"read","record_count":0,"record_ids":[],"labels":{"audit_type":"data_access","resource":"clients","action":"read"}}
{"timestamp":"2025-08-17 23:00:46.381","level":"audit","message":"User action audit","service":"caisse-secours","version":"1.0.0","environment":"production","instance":"local","audit_type":"user_action","user_id":"system","action":"clients_list_requested","resource":"clients","details":{"page":1,"limit":50,"search":""},"labels":{"audit_type":"user_action","action":"clients_list_requested","resource":"clients"}}
{"timestamp":"2025-08-17 23:00:46.383","level":"business","message":"Business metrics snapshot","service":"caisse-secours","version":"1.0.0","environment":"production","instance":"local","module":"metrics","operation":"snapshot","labels":{"type":"business_snapshot"}}
{"timestamp":"2025-08-17 23:00:46.384","level":"info","message":"Performance metric","service":"caisse-secours","version":"1.0.0","environment":"production","instance":"local","module":"clients","operation":"get_all_clients","duration_ms":8,"labels":{"module":"clients","operation":"get_all_clients"}}
operation_duration_ms{module="clients",operation="get_all_clients"} 8 1755468046384
{"timestamp":"2025-08-17 23:00:46.384","level":"audit","message":"Data access audit","service":"caisse-secours","version":"1.0.0","environment":"production","instance":"local","audit_type":"data_access","user_id":"system","resource":"clients","action":"read","record_count":0,"record_ids":[],"labels":{"audit_type":"data_access","resource":"clients","action":"read"}}
{"timestamp":"2025-08-17 23:01:59.331","level":"audit","message":"User action audit","service":"caisse-secours","version":"1.0.0","environment":"development","instance":"local","audit_type":"user_action","user_id":"system","action":"clients_list_requested","resource":"clients","details":{"page":1,"limit":50,"search":""},"labels":{"audit_type":"user_action","action":"clients_list_requested","resource":"clients"}}
{"timestamp":"2025-08-17 23:01:59.344","level":"business","message":"Business metrics snapshot","service":"caisse-secours","version":"1.0.0","environment":"development","instance":"local","module":"metrics","operation":"snapshot","labels":{"type":"business_snapshot"}}
{"timestamp":"2025-08-17 23:01:59.347","level":"info","message":"Performance metric","service":"caisse-secours","version":"1.0.0","environment":"development","instance":"local","module":"clients","operation":"get_all_clients","duration_ms":36,"labels":{"module":"clients","operation":"get_all_clients"}}
operation_duration_ms{module="clients",operation="get_all_clients"} 36 1755468119351
{"timestamp":"2025-08-17 23:01:59.356","level":"audit","message":"Data access audit","service":"caisse-secours","version":"1.0.0","environment":"development","instance":"local","audit_type":"data_access","user_id":"system","resource":"clients","action":"read","record_count":0,"record_ids":[],"labels":{"audit_type":"data_access","resource":"clients","action":"read"}}
{"timestamp":"2025-08-17 23:01:59.730","level":"audit","message":"User action audit","service":"caisse-secours","version":"1.0.0","environment":"development","instance":"local","audit_type":"user_action","user_id":"system","action":"clients_list_requested","resource":"clients","details":{"page":1,"limit":50,"search":""},"labels":{"audit_type":"user_action","action":"clients_list_requested","resource":"clients"}}
{"timestamp":"2025-08-17 23:01:59.737","level":"business","message":"Business metrics snapshot","service":"caisse-secours","version":"1.0.0","environment":"development","instance":"local","module":"metrics","operation":"snapshot","labels":{"type":"business_snapshot"}}
{"timestamp":"2025-08-17 23:01:59.740","level":"info","message":"Performance metric","service":"caisse-secours","version":"1.0.0","environment":"development","instance":"local","module":"clients","operation":"get_all_clients","duration_ms":18,"labels":{"module":"clients","operation":"get_all_clients"}}
operation_duration_ms{module="clients",operation="get_all_clients"} 18 1755468119742
{"timestamp":"2025-08-17 23:01:59.744","level":"audit","message":"Data access audit","service":"caisse-secours","version":"1.0.0","environment":"development","instance":"local","audit_type":"data_access","user_id":"system","resource":"clients","action":"read","record_count":0,"record_ids":[],"labels":{"audit_type":"data_access","resource":"clients","action":"read"}}
{"timestamp":"2025-08-17 23:19:09.701","level":"audit","message":"User action audit","service":"caisse-secours","version":"1.0.0","environment":"development","instance":"local","audit_type":"user_action","user_id":"system","action":"clients_list_requested","resource":"clients","details":{"page":1,"limit":50,"search":""},"labels":{"audit_type":"user_action","action":"clients_list_requested","resource":"clients"}}
{"timestamp":"2025-08-17 23:19:09.705","level":"business","message":"Business metrics snapshot","service":"caisse-secours","version":"1.0.0","environment":"development","instance":"local","module":"metrics","operation":"snapshot","labels":{"type":"business_snapshot"}}
{"timestamp":"2025-08-17 23:19:09.708","level":"info","message":"Performance metric","service":"caisse-secours","version":"1.0.0","environment":"development","instance":"local","module":"clients","operation":"get_all_clients","duration_ms":13,"labels":{"module":"clients","operation":"get_all_clients"}}
operation_duration_ms{module="clients",operation="get_all_clients"} 13 1755469149712
{"timestamp":"2025-08-17 23:19:09.714","level":"audit","message":"Data access audit","service":"caisse-secours","version":"1.0.0","environment":"development","instance":"local","audit_type":"data_access","user_id":"system","resource":"clients","action":"read","record_count":0,"record_ids":[],"labels":{"audit_type":"data_access","resource":"clients","action":"read"}}
{"timestamp":"2025-08-17 23:20:46.715","level":"audit","message":"User action audit","service":"caisse-secours","version":"1.0.0","environment":"development","instance":"local","audit_type":"user_action","user_id":"system","action":"clients_list_requested","resource":"clients","details":{"page":1,"limit":50,"search":""},"labels":{"audit_type":"user_action","action":"clients_list_requested","resource":"clients"}}
{"timestamp":"2025-08-17 23:20:46.721","level":"business","message":"Business metrics snapshot","service":"caisse-secours","version":"1.0.0","environment":"development","instance":"local","module":"metrics","operation":"snapshot","labels":{"type":"business_snapshot"}}
{"timestamp":"2025-08-17 23:20:46.724","level":"info","message":"Performance metric","service":"caisse-secours","version":"1.0.0","environment":"development","instance":"local","module":"clients","operation":"get_all_clients","duration_ms":18,"labels":{"module":"clients","operation":"get_all_clients"}}
operation_duration_ms{module="clients",operation="get_all_clients"} 18 1755469246727
{"timestamp":"2025-08-17 23:20:46.729","level":"audit","message":"Data access audit","service":"caisse-secours","version":"1.0.0","environment":"development","instance":"local","audit_type":"data_access","user_id":"system","resource":"clients","action":"read","record_count":0,"record_ids":[],"labels":{"audit_type":"data_access","resource":"clients","action":"read"}}
{"timestamp":"2025-08-17 23:20:46.932","level":"audit","message":"User action audit","service":"caisse-secours","version":"1.0.0","environment":"development","instance":"local","audit_type":"user_action","user_id":"system","action":"clients_list_requested","resource":"clients","details":{"page":1,"limit":50,"search":""},"labels":{"audit_type":"user_action","action":"clients_list_requested","resource":"clients"}}
{"timestamp":"2025-08-17 23:20:46.938","level":"business","message":"Business metrics snapshot","service":"caisse-secours","version":"1.0.0","environment":"development","instance":"local","module":"metrics","operation":"snapshot","labels":{"type":"business_snapshot"}}
{"timestamp":"2025-08-17 23:20:46.940","level":"info","message":"Performance metric","service":"caisse-secours","version":"1.0.0","environment":"development","instance":"local","module":"clients","operation":"get_all_clients","duration_ms":14,"labels":{"module":"clients","operation":"get_all_clients"}}
operation_duration_ms{module="clients",operation="get_all_clients"} 14 1755469246942
{"timestamp":"2025-08-17 23:20:46.944","level":"audit","message":"Data access audit","service":"caisse-secours","version":"1.0.0","environment":"development","instance":"local","audit_type":"data_access","user_id":"system","resource":"clients","action":"read","record_count":0,"record_ids":[],"labels":{"audit_type":"data_access","resource":"clients","action":"read"}}
